<?xml version="1.0" encoding="UTF-8"?>
<!-- Generated by org.testng.reporters.JUnitReportReporter -->
<testsuite hostname="LAPTOP-8BBTDP1K" failures="0" tests="1" name="ComKiteQaTestCases.HomePageTest" time="7.123" errors="0" timestamp="2022-07-12T15:28:26 IST" skipped="0">
  <testcase classname="ComKiteQaTestCases.HomePageTest" name="HomepageTitle" time="7.123"/>
  <system-out/>
</testsuite> <!-- ComKiteQaTestCases.HomePageTest -->
